Detecting compiler hash for triplet x64-mingw-dynamic...
Compiler found: C:/Program Files/JetBrains/CLion 2024.3.4/bin/mingw/bin/g++.exe
Detecting compiler hash for triplet x64-windows...
Compiler found: C:/Program Files/Microsoft Visual Studio/2022/Community/VC/Tools/MSVC/14.43.34808/bin/Hostx64/x64/cl.exe
The following packages will be built and installed:
  * brotli:x64-mingw-dynamic@1.1.0#1
  * bzip2[core,tool]:x64-mingw-dynamic@1.0.8#6
  * egl-registry:x64-mingw-dynamic@2024-01-25
  * freetype[brotli,bzip2,core,png,zlib]:x64-mingw-dynamic@2.13.3
  * libflac[core,stack-protector]:x64-mingw-dynamic@1.5.0
  * libogg:x64-mingw-dynamic@1.3.6#1
  * libpng:x64-mingw-dynamic@1.6.50
  * libvorbis:x64-mingw-dynamic@1.3.7#4
  * miniaudio:x64-mingw-dynamic@0.11.22
  * opengl:x64-mingw-dynamic@2022-12-04#3
  * opengl-registry:x64-mingw-dynamic@2024-02-10#1
    sfml[audio,core,graphics,network,window]:x64-mingw-dynamic@3.0.1
  * stb:x64-mingw-dynamic@2024-07-29#1
  * vcpkg-cmake:x64-windows@2024-04-23
  * vcpkg-cmake-config:x64-windows@2024-05-23
  * zlib:x64-mingw-dynamic@1.3.1
Additional packages (*) will be modified to complete this operation.
Restored 16 package(s) from C:\Users\artem\AppData\Local\vcpkg\archives in 4.1 s. Use --debug to see more details.
Installing 1/16 egl-registry:x64-mingw-dynamic@2024-01-25...
Elapsed time to handle egl-registry:x64-mingw-dynamic: 10 ms
egl-registry:x64-mingw-dynamic package ABI: ace8f7efc42151aef6e03e141e1d55af086a6508cdddc8f9f825f6650d234567
Installing 2/16 opengl-registry:x64-mingw-dynamic@2024-02-10#1...
Elapsed time to handle opengl-registry:x64-mingw-dynamic: 28.4 ms
opengl-registry:x64-mingw-dynamic package ABI: f05e875d1d61dfc64e418b0f38950d826c1cefc45f70596694e074369ec20738
Installing 3/16 opengl:x64-mingw-dynamic@2022-12-04#3...
Elapsed time to handle opengl:x64-mingw-dynamic: 15.6 ms
opengl:x64-mingw-dynamic package ABI: c3bbd449c6cd01533b8bf38fd895ce3634e4dbae91d1a3f08055ee2582730d28
Installing 4/16 stb:x64-mingw-dynamic@2024-07-29#1...
Elapsed time to handle stb:x64-mingw-dynamic: 15.4 ms
stb:x64-mingw-dynamic package ABI: 6f8d9736c739b031519d09ab15bf776f327aa338d2d101f7a729701644e8b495
Installing 5/16 vcpkg-cmake:x64-windows@2024-04-23...
Elapsed time to handle vcpkg-cmake:x64-windows: 6.83 ms
vcpkg-cmake:x64-windows package ABI: c6f6e3922bdcd0ed7745da2940b6c6a9b8666ef31c8c7d5c9e75a6b59063adf4
Installing 6/16 zlib:x64-mingw-dynamic@1.3.1...
Elapsed time to handle zlib:x64-mingw-dynamic: 19.8 ms
zlib:x64-mingw-dynamic package ABI: fc7e10ef881b8cbce3abf0bc75aa410eec788a132b84f7ca3a06e643a017ad97
Installing 7/16 vcpkg-cmake-config:x64-windows@2024-05-23...
Elapsed time to handle vcpkg-cmake-config:x64-windows: 20.2 ms
vcpkg-cmake-config:x64-windows package ABI: 9c7668302ed690831fef7b5b44e90cf3d37a8d0b15e22b9d1ecdabe9f946ac0d
Installing 8/16 libpng:x64-mingw-dynamic@1.6.50...
Elapsed time to handle libpng:x64-mingw-dynamic: 24.2 ms
libpng:x64-mingw-dynamic package ABI: 05b5ac615c74627e141664572ca846741922878b6dfb517f5b1dfee9f8aa148d
Installing 9/16 bzip2[core,tool]:x64-mingw-dynamic@1.0.8#6...
Elapsed time to handle bzip2:x64-mingw-dynamic: 14.2 ms
bzip2:x64-mingw-dynamic package ABI: 2cfb6432a22449862724483f5f420aed290ff3362c8df12b6c7126826ea1c211
Installing 10/16 brotli:x64-mingw-dynamic@1.1.0#1...
Elapsed time to handle brotli:x64-mingw-dynamic: 25.4 ms
brotli:x64-mingw-dynamic package ABI: 2922e5ad9c60d3390240a9b381c8393f5be4d6552d152fe146f5d317865c69b3
Installing 11/16 freetype[brotli,bzip2,core,png,zlib]:x64-mingw-dynamic@2.13.3...
Elapsed time to handle freetype:x64-mingw-dynamic: 34.6 ms
freetype:x64-mingw-dynamic package ABI: 6e525c67b15c32f1345e53c4a7324fe5942c68712ae4c2e35e7fefa7a62d5906
Installing 12/16 miniaudio:x64-mingw-dynamic@0.11.22...
Elapsed time to handle miniaudio:x64-mingw-dynamic: 9.46 ms
miniaudio:x64-mingw-dynamic package ABI: e0fa3de9f7aaa7d9f2cd38b3c77222ffd393c79e0aec9233205140f2570c9fa0
Installing 13/16 libogg:x64-mingw-dynamic@1.3.6#1...
Elapsed time to handle libogg:x64-mingw-dynamic: 30.3 ms
libogg:x64-mingw-dynamic package ABI: 58819406d44098cb120c74c5a6781832602d0bd21e9ac9cffe0588d958ced63b
Installing 14/16 libvorbis:x64-mingw-dynamic@1.3.7#4...
Elapsed time to handle libvorbis:x64-mingw-dynamic: 39 ms
libvorbis:x64-mingw-dynamic package ABI: 0d8da40e2e80e0317f7eb94419cc4191d6de6fe7ed43e8f212047e26bb809ce0
Installing 15/16 libflac[core,stack-protector]:x64-mingw-dynamic@1.5.0...
Elapsed time to handle libflac:x64-mingw-dynamic: 39.2 ms
libflac:x64-mingw-dynamic package ABI: 96c69191f0291956e572ce838f974f85da3f26c8c208a8208a2078ac235103fa
Installing 16/16 sfml[audio,core,graphics,network,window]:x64-mingw-dynamic@3.0.1...
Elapsed time to handle sfml:x64-mingw-dynamic: 80.4 ms
sfml:x64-mingw-dynamic package ABI: 9ffee5db43553f303da1047bca7292723b074987191843c4d7b77b66bee4b2be
Installed contents are licensed to you by owners. Microsoft is not responsible for, nor does it grant any licenses to, third-party packages.
Some packages did not declare an SPDX license. Check the `copyright` file for each package for more information about their licensing.
Packages installed in this vcpkg installation declare the following licenses:
(FTL OR GPL-2.0-or-later)
(MIT OR CC-PDDC)
(Unlicense OR MIT-0)
BSD-3-Clause
MIT
Zlib
bzip2-1.0.6
libpng-2.0
The package sfml provides CMake targets:

    find_package(SFML COMPONENTS Network Graphics Window Audio System CONFIG REQUIRED)
    target_link_libraries(main PRIVATE SFML::Network SFML::Graphics SFML::Window SFML::Audio SFML::System)

    # If you want SFML to provide an implementation of main():
    target_link_libraries(main PRIVATE SFML::Main)

All requested installations completed successfully in: 430 ms
